<?xml version="1.0" encoding="UTF-8"?>
<testsuite xmlns:xsi="http://www.w3.org/2001/XMLSchema-instance" xsi:noNamespaceSchemaLocation="https://maven.apache.org/surefire/maven-surefire-plugin/xsd/surefire-test-report.xsd" name="com.esprit.microservice.EndroitService.EndroitApplicationTests" time="30.304" tests="1" errors="0" skipped="0" failures="0">
  <properties>
    <property name="java.specification.version" value="17"/>
    <property name="sun.cpu.isalist" value="amd64"/>
    <property name="sun.jnu.encoding" value="Cp1252"/>
    <property name="java.class.path" value="C:\Workspace2\Endroit\target\test-classes;C:\Workspace2\Endroit\target\classes;C:\Users\Ahelioui\mavenRepo168\io\micrometer\micrometer-registry-prometheus\1.1.6\micrometer-registry-prometheus-1.1.6.jar;C:\Users\Ahelioui\mavenRepo168\io\micrometer\micrometer-core\1.1.6\micrometer-core-1.1.6.jar;C:\Users\Ahelioui\mavenRepo168\org\hdrhistogram\HdrHistogram\2.1.9\HdrHistogram-2.1.9.jar;C:\Users\Ahelioui\mavenRepo168\org\latencyutils\LatencyUtils\2.0.3\LatencyUtils-2.0.3.jar;C:\Users\Ahelioui\mavenRepo168\io\prometheus\simpleclient_common\0.5.0\simpleclient_common-0.5.0.jar;C:\Users\Ahelioui\mavenRepo168\io\prometheus\simpleclient\0.5.0\simpleclient-0.5.0.jar;C:\Users\Ahelioui\mavenRepo168\org\springframework\boot\spring-boot-starter-actuator\2.1.8.RELEASE\spring-boot-starter-actuator-2.1.8.RELEASE.jar;C:\Users\Ahelioui\mavenRepo168\org\springframework\boot\spring-boot-starter\2.1.8.RELEASE\spring-boot-starter-2.1.8.RELEASE.jar;C:\Users\Ahelioui\mavenRepo168\org\springframework\boot\spring-boot\2.1.8.RELEASE\spring-boot-2.1.8.RELEASE.jar;C:\Users\Ahelioui\mavenRepo168\org\springframework\boot\spring-boot-autoconfigure\2.1.8.RELEASE\spring-boot-autoconfigure-2.1.8.RELEASE.jar;C:\Users\Ahelioui\mavenRepo168\org\springframework\boot\spring-boot-starter-logging\2.1.8.RELEASE\spring-boot-starter-logging-2.1.8.RELEASE.jar;C:\Users\Ahelioui\mavenRepo168\ch\qos\logback\logback-classic\1.2.3\logback-classic-1.2.3.jar;C:\Users\Ahelioui\mavenRepo168\ch\qos\logback\logback-core\1.2.3\logback-core-1.2.3.jar;C:\Users\Ahelioui\mavenRepo168\org\apache\logging\log4j\log4j-to-slf4j\2.11.2\log4j-to-slf4j-2.11.2.jar;C:\Users\Ahelioui\mavenRepo168\org\apache\logging\log4j\log4j-api\2.11.2\log4j-api-2.11.2.jar;C:\Users\Ahelioui\mavenRepo168\org\slf4j\jul-to-slf4j\1.7.28\jul-to-slf4j-1.7.28.jar;C:\Users\Ahelioui\mavenRepo168\javax\annotation\javax.annotation-api\1.3.2\javax.annotation-api-1.3.2.jar;C:\Users\Ahelioui\mavenRepo168\org\yaml\snakeyaml\1.23\snakeyaml-1.23.jar;C:\Users\Ahelioui\mavenRepo168\org\springframework\boot\spring-boot-actuator-autoconfigure\2.1.8.RELEASE\spring-boot-actuator-autoconfigure-2.1.8.RELEASE.jar;C:\Users\Ahelioui\mavenRepo168\org\springframework\boot\spring-boot-actuator\2.1.8.RELEASE\spring-boot-actuator-2.1.8.RELEASE.jar;C:\Users\Ahelioui\mavenRepo168\org\springframework\spring-context\5.1.9.RELEASE\spring-context-5.1.9.RELEASE.jar;C:\Users\Ahelioui\mavenRepo168\com\fasterxml\jackson\datatype\jackson-datatype-jsr310\2.9.9\jackson-datatype-jsr310-2.9.9.jar;C:\Users\Ahelioui\mavenRepo168\org\springframework\boot\spring-boot-starter-data-jpa\2.1.8.RELEASE\spring-boot-starter-data-jpa-2.1.8.RELEASE.jar;C:\Users\Ahelioui\mavenRepo168\org\springframework\boot\spring-boot-starter-aop\2.1.8.RELEASE\spring-boot-starter-aop-2.1.8.RELEASE.jar;C:\Users\Ahelioui\mavenRepo168\org\springframework\spring-aop\5.1.9.RELEASE\spring-aop-5.1.9.RELEASE.jar;C:\Users\Ahelioui\mavenRepo168\org\aspectj\aspectjweaver\1.9.4\aspectjweaver-1.9.4.jar;C:\Users\Ahelioui\mavenRepo168\org\springframework\boot\spring-boot-starter-jdbc\2.1.8.RELEASE\spring-boot-starter-jdbc-2.1.8.RELEASE.jar;C:\Users\Ahelioui\mavenRepo168\com\zaxxer\HikariCP\3.2.0\HikariCP-3.2.0.jar;C:\Users\Ahelioui\mavenRepo168\org\springframework\spring-jdbc\5.1.9.RELEASE\spring-jdbc-5.1.9.RELEASE.jar;C:\Users\Ahelioui\mavenRepo168\javax\transaction\javax.transaction-api\1.3\javax.transaction-api-1.3.jar;C:\Users\Ahelioui\mavenRepo168\javax\xml\bind\jaxb-api\2.3.1\jaxb-api-2.3.1.jar;C:\Users\Ahelioui\mavenRepo168\javax\activation\javax.activation-api\1.2.0\javax.activation-api-1.2.0.jar;C:\Users\Ahelioui\mavenRepo168\org\hibernate\hibernate-core\5.3.11.Final\hibernate-core-5.3.11.Final.jar;C:\Users\Ahelioui\mavenRepo168\org\jboss\logging\jboss-logging\3.3.3.Final\jboss-logging-3.3.3.Final.jar;C:\Users\Ahelioui\mavenRepo168\javax\persistence\javax.persistence-api\2.2\javax.persistence-api-2.2.jar;C:\Users\Ahelioui\mavenRepo168\org\javassist\javassist\3.23.2-GA\javassist-3.23.2-GA.jar;C:\Users\Ahelioui\mavenRepo168\net\bytebuddy\byte-buddy\1.9.16\byte-buddy-1.9.16.jar;C:\Users\Ahelioui\mavenRepo168\antlr\antlr\2.7.7\antlr-2.7.7.jar;C:\Users\Ahelioui\mavenRepo168\org\jboss\jandex\2.0.5.Final\jandex-2.0.5.Final.jar;C:\Users\Ahelioui\mavenRepo168\com\fasterxml\classmate\1.4.0\classmate-1.4.0.jar;C:\Users\Ahelioui\mavenRepo168\org\dom4j\dom4j\2.1.1\dom4j-2.1.1.jar;C:\Users\Ahelioui\mavenRepo168\org\hibernate\common\hibernate-commons-annotations\5.0.4.Final\hibernate-commons-annotations-5.0.4.Final.jar;C:\Users\Ahelioui\mavenRepo168\org\springframework\data\spring-data-jpa\2.1.10.RELEASE\spring-data-jpa-2.1.10.RELEASE.jar;C:\Users\Ahelioui\mavenRepo168\org\springframework\data\spring-data-commons\2.1.10.RELEASE\spring-data-commons-2.1.10.RELEASE.jar;C:\Users\Ahelioui\mavenRepo168\org\springframework\spring-orm\5.1.9.RELEASE\spring-orm-5.1.9.RELEASE.jar;C:\Users\Ahelioui\mavenRepo168\org\springframework\spring-tx\5.1.9.RELEASE\spring-tx-5.1.9.RELEASE.jar;C:\Users\Ahelioui\mavenRepo168\org\springframework\spring-beans\5.1.9.RELEASE\spring-beans-5.1.9.RELEASE.jar;C:\Users\Ahelioui\mavenRepo168\org\slf4j\slf4j-api\1.7.28\slf4j-api-1.7.28.jar;C:\Users\Ahelioui\mavenRepo168\org\springframework\spring-aspects\5.1.9.RELEASE\spring-aspects-5.1.9.RELEASE.jar;C:\Users\Ahelioui\mavenRepo168\org\springframework\boot\spring-boot-starter-data-rest\2.1.8.RELEASE\spring-boot-starter-data-rest-2.1.8.RELEASE.jar;C:\Users\Ahelioui\mavenRepo168\org\springframework\data\spring-data-rest-webmvc\3.1.10.RELEASE\spring-data-rest-webmvc-3.1.10.RELEASE.jar;C:\Users\Ahelioui\mavenRepo168\org\springframework\data\spring-data-rest-core\3.1.10.RELEASE\spring-data-rest-core-3.1.10.RELEASE.jar;C:\Users\Ahelioui\mavenRepo168\org\springframework\hateoas\spring-hateoas\0.25.2.RELEASE\spring-hateoas-0.25.2.RELEASE.jar;C:\Users\Ahelioui\mavenRepo168\org\springframework\plugin\spring-plugin-core\1.2.0.RELEASE\spring-plugin-core-1.2.0.RELEASE.jar;C:\Users\Ahelioui\mavenRepo168\org\atteo\evo-inflector\1.2.2\evo-inflector-1.2.2.jar;C:\Users\Ahelioui\mavenRepo168\com\fasterxml\jackson\core\jackson-annotations\2.9.0\jackson-annotations-2.9.0.jar;C:\Users\Ahelioui\mavenRepo168\org\springframework\boot\spring-boot-starter-web\2.1.8.RELEASE\spring-boot-starter-web-2.1.8.RELEASE.jar;C:\Users\Ahelioui\mavenRepo168\org\springframework\boot\spring-boot-starter-json\2.1.8.RELEASE\spring-boot-starter-json-2.1.8.RELEASE.jar;C:\Users\Ahelioui\mavenRepo168\com\fasterxml\jackson\datatype\jackson-datatype-jdk8\2.9.9\jackson-datatype-jdk8-2.9.9.jar;C:\Users\Ahelioui\mavenRepo168\com\fasterxml\jackson\module\jackson-module-parameter-names\2.9.9\jackson-module-parameter-names-2.9.9.jar;C:\Users\Ahelioui\mavenRepo168\org\springframework\boot\spring-boot-starter-tomcat\2.1.8.RELEASE\spring-boot-starter-tomcat-2.1.8.RELEASE.jar;C:\Users\Ahelioui\mavenRepo168\org\apache\tomcat\embed\tomcat-embed-core\9.0.24\tomcat-embed-core-9.0.24.jar;C:\Users\Ahelioui\mavenRepo168\org\apache\tomcat\embed\tomcat-embed-el\9.0.24\tomcat-embed-el-9.0.24.jar;C:\Users\Ahelioui\mavenRepo168\org\apache\tomcat\embed\tomcat-embed-websocket\9.0.24\tomcat-embed-websocket-9.0.24.jar;C:\Users\Ahelioui\mavenRepo168\org\hibernate\validator\hibernate-validator\6.0.17.Final\hibernate-validator-6.0.17.Final.jar;C:\Users\Ahelioui\mavenRepo168\javax\validation\validation-api\2.0.1.Final\validation-api-2.0.1.Final.jar;C:\Users\Ahelioui\mavenRepo168\org\springframework\spring-web\5.1.9.RELEASE\spring-web-5.1.9.RELEASE.jar;C:\Users\Ahelioui\mavenRepo168\org\springframework\spring-webmvc\5.1.9.RELEASE\spring-webmvc-5.1.9.RELEASE.jar;C:\Users\Ahelioui\mavenRepo168\org\springframework\spring-expression\5.1.9.RELEASE\spring-expression-5.1.9.RELEASE.jar;C:\Users\Ahelioui\mavenRepo168\org\springframework\cloud\spring-cloud-starter-config\2.1.4.RELEASE\spring-cloud-starter-config-2.1.4.RELEASE.jar;C:\Users\Ahelioui\mavenRepo168\org\springframework\cloud\spring-cloud-starter\2.1.3.RELEASE\spring-cloud-starter-2.1.3.RELEASE.jar;C:\Users\Ahelioui\mavenRepo168\org\springframework\cloud\spring-cloud-context\2.1.3.RELEASE\spring-cloud-context-2.1.3.RELEASE.jar;C:\Users\Ahelioui\mavenRepo168\org\springframework\security\spring-security-crypto\5.1.6.RELEASE\spring-security-crypto-5.1.6.RELEASE.jar;C:\Users\Ahelioui\mavenRepo168\org\springframework\cloud\spring-cloud-commons\2.1.3.RELEASE\spring-cloud-commons-2.1.3.RELEASE.jar;C:\Users\Ahelioui\mavenRepo168\org\springframework\security\spring-security-rsa\1.0.7.RELEASE\spring-security-rsa-1.0.7.RELEASE.jar;C:\Users\Ahelioui\mavenRepo168\org\bouncycastle\bcpkix-jdk15on\1.60\bcpkix-jdk15on-1.60.jar;C:\Users\Ahelioui\mavenRepo168\org\bouncycastle\bcprov-jdk15on\1.60\bcprov-jdk15on-1.60.jar;C:\Users\Ahelioui\mavenRepo168\org\springframework\cloud\spring-cloud-config-client\2.1.4.RELEASE\spring-cloud-config-client-2.1.4.RELEASE.jar;C:\Users\Ahelioui\mavenRepo168\com\fasterxml\jackson\core\jackson-databind\2.9.9.3\jackson-databind-2.9.9.3.jar;C:\Users\Ahelioui\mavenRepo168\com\fasterxml\jackson\core\jackson-core\2.9.9\jackson-core-2.9.9.jar;C:\Users\Ahelioui\mavenRepo168\org\springframework\cloud\spring-cloud-starter-netflix-eureka-client\2.1.3.RELEASE\spring-cloud-starter-netflix-eureka-client-2.1.3.RELEASE.jar;C:\Users\Ahelioui\mavenRepo168\org\springframework\cloud\spring-cloud-netflix-hystrix\2.1.3.RELEASE\spring-cloud-netflix-hystrix-2.1.3.RELEASE.jar;C:\Users\Ahelioui\mavenRepo168\org\springframework\cloud\spring-cloud-netflix-eureka-client\2.1.3.RELEASE\spring-cloud-netflix-eureka-client-2.1.3.RELEASE.jar;C:\Users\Ahelioui\mavenRepo168\com\netflix\eureka\eureka-client\1.9.13\eureka-client-1.9.13.jar;C:\Users\Ahelioui\mavenRepo168\org\codehaus\jettison\jettison\1.3.7\jettison-1.3.7.jar;C:\Users\Ahelioui\mavenRepo168\stax\stax-api\1.0.1\stax-api-1.0.1.jar;C:\Users\Ahelioui\mavenRepo168\com\netflix\netflix-commons\netflix-eventbus\0.3.0\netflix-eventbus-0.3.0.jar;C:\Users\Ahelioui\mavenRepo168\com\netflix\netflix-commons\netflix-infix\0.3.0\netflix-infix-0.3.0.jar;C:\Users\Ahelioui\mavenRepo168\commons-jxpath\commons-jxpath\1.3\commons-jxpath-1.3.jar;C:\Users\Ahelioui\mavenRepo168\joda-time\joda-time\2.10.3\joda-time-2.10.3.jar;C:\Users\Ahelioui\mavenRepo168\org\antlr\antlr-runtime\3.4\antlr-runtime-3.4.jar;C:\Users\Ahelioui\mavenRepo168\org\antlr\stringtemplate\3.2.1\stringtemplate-3.2.1.jar;C:\Users\Ahelioui\mavenRepo168\com\google\code\gson\gson\2.8.5\gson-2.8.5.jar;C:\Users\Ahelioui\mavenRepo168\org\apache\commons\commons-math\2.2\commons-math-2.2.jar;C:\Users\Ahelioui\mavenRepo168\com\netflix\archaius\archaius-core\0.7.6\archaius-core-0.7.6.jar;C:\Users\Ahelioui\mavenRepo168\com\google\guava\guava\16.0\guava-16.0.jar;C:\Users\Ahelioui\mavenRepo168\javax\ws\rs\jsr311-api\1.1.1\jsr311-api-1.1.1.jar;C:\Users\Ahelioui\mavenRepo168\com\netflix\servo\servo-core\0.12.21\servo-core-0.12.21.jar;C:\Users\Ahelioui\mavenRepo168\com\sun\jersey\jersey-core\1.19.1\jersey-core-1.19.1.jar;C:\Users\Ahelioui\mavenRepo168\com\sun\jersey\jersey-client\1.19.1\jersey-client-1.19.1.jar;C:\Users\Ahelioui\mavenRepo168\com\sun\jersey\contribs\jersey-apache-client4\1.19.1\jersey-apache-client4-1.19.1.jar;C:\Users\Ahelioui\mavenRepo168\org\apache\httpcomponents\httpclient\4.5.9\httpclient-4.5.9.jar;C:\Users\Ahelioui\mavenRepo168\org\apache\httpcomponents\httpcore\4.4.12\httpcore-4.4.12.jar;C:\Users\Ahelioui\mavenRepo168\commons-codec\commons-codec\1.11\commons-codec-1.11.jar;C:\Users\Ahelioui\mavenRepo168\com\google\inject\guice\4.1.0\guice-4.1.0.jar;C:\Users\Ahelioui\mavenRepo168\javax\inject\javax.inject\1\javax.inject-1.jar;C:\Users\Ahelioui\mavenRepo168\aopalliance\aopalliance\1.0\aopalliance-1.0.jar;C:\Users\Ahelioui\mavenRepo168\com\netflix\eureka\eureka-core\1.9.13\eureka-core-1.9.13.jar;C:\Users\Ahelioui\mavenRepo168\com\fasterxml\woodstox\woodstox-core\5.0.3\woodstox-core-5.0.3.jar;C:\Users\Ahelioui\mavenRepo168\org\codehaus\woodstox\stax2-api\3.1.4\stax2-api-3.1.4.jar;C:\Users\Ahelioui\mavenRepo168\org\springframework\cloud\spring-cloud-starter-netflix-archaius\2.1.3.RELEASE\spring-cloud-starter-netflix-archaius-2.1.3.RELEASE.jar;C:\Users\Ahelioui\mavenRepo168\org\springframework\cloud\spring-cloud-netflix-ribbon\2.1.3.RELEASE\spring-cloud-netflix-ribbon-2.1.3.RELEASE.jar;C:\Users\Ahelioui\mavenRepo168\org\springframework\cloud\spring-cloud-netflix-archaius\2.1.3.RELEASE\spring-cloud-netflix-archaius-2.1.3.RELEASE.jar;C:\Users\Ahelioui\mavenRepo168\commons-configuration\commons-configuration\1.8\commons-configuration-1.8.jar;C:\Users\Ahelioui\mavenRepo168\commons-lang\commons-lang\2.6\commons-lang-2.6.jar;C:\Users\Ahelioui\mavenRepo168\org\springframework\cloud\spring-cloud-starter-netflix-ribbon\2.1.3.RELEASE\spring-cloud-starter-netflix-ribbon-2.1.3.RELEASE.jar;C:\Users\Ahelioui\mavenRepo168\com\netflix\ribbon\ribbon\2.3.0\ribbon-2.3.0.jar;C:\Users\Ahelioui\mavenRepo168\com\netflix\ribbon\ribbon-transport\2.3.0\ribbon-transport-2.3.0.jar;C:\Users\Ahelioui\mavenRepo168\io\reactivex\rxnetty-contexts\0.4.9\rxnetty-contexts-0.4.9.jar;C:\Users\Ahelioui\mavenRepo168\io\reactivex\rxnetty-servo\0.4.9\rxnetty-servo-0.4.9.jar;C:\Users\Ahelioui\mavenRepo168\com\netflix\hystrix\hystrix-core\1.5.18\hystrix-core-1.5.18.jar;C:\Users\Ahelioui\mavenRepo168\io\reactivex\rxnetty\0.4.9\rxnetty-0.4.9.jar;C:\Users\Ahelioui\mavenRepo168\com\netflix\ribbon\ribbon-core\2.3.0\ribbon-core-2.3.0.jar;C:\Users\Ahelioui\mavenRepo168\com\netflix\ribbon\ribbon-httpclient\2.3.0\ribbon-httpclient-2.3.0.jar;C:\Users\Ahelioui\mavenRepo168\commons-collections\commons-collections\3.2.2\commons-collections-3.2.2.jar;C:\Users\Ahelioui\mavenRepo168\com\netflix\netflix-commons\netflix-commons-util\0.3.0\netflix-commons-util-0.3.0.jar;C:\Users\Ahelioui\mavenRepo168\com\netflix\ribbon\ribbon-loadbalancer\2.3.0\ribbon-loadbalancer-2.3.0.jar;C:\Users\Ahelioui\mavenRepo168\com\netflix\netflix-commons\netflix-statistics\0.1.1\netflix-statistics-0.1.1.jar;C:\Users\Ahelioui\mavenRepo168\io\reactivex\rxjava\1.3.8\rxjava-1.3.8.jar;C:\Users\Ahelioui\mavenRepo168\com\netflix\ribbon\ribbon-eureka\2.3.0\ribbon-eureka-2.3.0.jar;C:\Users\Ahelioui\mavenRepo168\com\thoughtworks\xstream\xstream\1.4.11.1\xstream-1.4.11.1.jar;C:\Users\Ahelioui\mavenRepo168\xmlpull\xmlpull\1.1.3.1\xmlpull-1.1.3.1.jar;C:\Users\Ahelioui\mavenRepo168\xpp3\xpp3_min\1.1.4c\xpp3_min-1.1.4c.jar;C:\Users\Ahelioui\mavenRepo168\com\h2database\h2\1.4.199\h2-1.4.199.jar;C:\Users\Ahelioui\mavenRepo168\org\springframework\boot\spring-boot-starter-test\2.1.8.RELEASE\spring-boot-starter-test-2.1.8.RELEASE.jar;C:\Users\Ahelioui\mavenRepo168\org\springframework\boot\spring-boot-test\2.1.8.RELEASE\spring-boot-test-2.1.8.RELEASE.jar;C:\Users\Ahelioui\mavenRepo168\org\springframework\boot\spring-boot-test-autoconfigure\2.1.8.RELEASE\spring-boot-test-autoconfigure-2.1.8.RELEASE.jar;C:\Users\Ahelioui\mavenRepo168\com\jayway\jsonpath\json-path\2.4.0\json-path-2.4.0.jar;C:\Users\Ahelioui\mavenRepo168\net\minidev\json-smart\2.3\json-smart-2.3.jar;C:\Users\Ahelioui\mavenRepo168\net\minidev\accessors-smart\1.2\accessors-smart-1.2.jar;C:\Users\Ahelioui\mavenRepo168\org\ow2\asm\asm\5.0.4\asm-5.0.4.jar;C:\Users\Ahelioui\mavenRepo168\junit\junit\4.12\junit-4.12.jar;C:\Users\Ahelioui\mavenRepo168\org\assertj\assertj-core\3.11.1\assertj-core-3.11.1.jar;C:\Users\Ahelioui\mavenRepo168\org\mockito\mockito-core\2.23.4\mockito-core-2.23.4.jar;C:\Users\Ahelioui\mavenRepo168\net\bytebuddy\byte-buddy-agent\1.9.16\byte-buddy-agent-1.9.16.jar;C:\Users\Ahelioui\mavenRepo168\org\objenesis\objenesis\2.6\objenesis-2.6.jar;C:\Users\Ahelioui\mavenRepo168\org\hamcrest\hamcrest-core\1.3\hamcrest-core-1.3.jar;C:\Users\Ahelioui\mavenRepo168\org\hamcrest\hamcrest-library\1.3\hamcrest-library-1.3.jar;C:\Users\Ahelioui\mavenRepo168\org\skyscreamer\jsonassert\1.5.0\jsonassert-1.5.0.jar;C:\Users\Ahelioui\mavenRepo168\com\vaadin\external\google\android-json\0.0.20131108.vaadin1\android-json-0.0.20131108.vaadin1.jar;C:\Users\Ahelioui\mavenRepo168\org\springframework\spring-core\5.1.9.RELEASE\spring-core-5.1.9.RELEASE.jar;C:\Users\Ahelioui\mavenRepo168\org\springframework\spring-jcl\5.1.9.RELEASE\spring-jcl-5.1.9.RELEASE.jar;C:\Users\Ahelioui\mavenRepo168\org\springframework\spring-test\5.1.9.RELEASE\spring-test-5.1.9.RELEASE.jar;C:\Users\Ahelioui\mavenRepo168\org\xmlunit\xmlunit-core\2.6.3\xmlunit-core-2.6.3.jar;C:\Users\Ahelioui\mavenRepo168\mysql\mysql-connector-java\8.0.30\mysql-connector-java-8.0.30.jar;"/>
    <property name="java.vm.vendor" value="Eclipse Adoptium"/>
    <property name="sun.arch.data.model" value="64"/>
    <property name="user.variant" value=""/>
    <property name="java.vendor.url" value="https://adoptium.net/"/>
    <property name="user.timezone" value="Africa/Lagos"/>
    <property name="os.name" value="Windows 10"/>
    <property name="java.vm.specification.version" value="17"/>
    <property name="sun.java.launcher" value="SUN_STANDARD"/>
    <property name="user.country" value="US"/>
    <property name="sun.boot.library.path" value="C:\Users\Ahelioui\.p2\pool\plugins\org.eclipse.justj.openjdk.hotspot.jre.full.win32.x86_64_17.0.1.v20211116-1657\jre\bin"/>
    <property name="sun.java.command" value="C:\Users\Ahelioui\AppData\Local\Temp\surefire779130813807972643\surefirebooter5449578451582145832.jar C:\Users\Ahelioui\AppData\Local\Temp\surefire779130813807972643 2023-05-06T00-45-38_553-jvmRun1 surefire715754911198078894tmp surefire_02506013684473899823tmp"/>
    <property name="jdk.debug" value="release"/>
    <property name="surefire.test.class.path" value="C:\Workspace2\Endroit\target\test-classes;C:\Workspace2\Endroit\target\classes;C:\Users\Ahelioui\mavenRepo168\io\micrometer\micrometer-registry-prometheus\1.1.6\micrometer-registry-prometheus-1.1.6.jar;C:\Users\Ahelioui\mavenRepo168\io\micrometer\micrometer-core\1.1.6\micrometer-core-1.1.6.jar;C:\Users\Ahelioui\mavenRepo168\org\hdrhistogram\HdrHistogram\2.1.9\HdrHistogram-2.1.9.jar;C:\Users\Ahelioui\mavenRepo168\org\latencyutils\LatencyUtils\2.0.3\LatencyUtils-2.0.3.jar;C:\Users\Ahelioui\mavenRepo168\io\prometheus\simpleclient_common\0.5.0\simpleclient_common-0.5.0.jar;C:\Users\Ahelioui\mavenRepo168\io\prometheus\simpleclient\0.5.0\simpleclient-0.5.0.jar;C:\Users\Ahelioui\mavenRepo168\org\springframework\boot\spring-boot-starter-actuator\2.1.8.RELEASE\spring-boot-starter-actuator-2.1.8.RELEASE.jar;C:\Users\Ahelioui\mavenRepo168\org\springframework\boot\spring-boot-starter\2.1.8.RELEASE\spring-boot-starter-2.1.8.RELEASE.jar;C:\Users\Ahelioui\mavenRepo168\org\springframework\boot\spring-boot\2.1.8.RELEASE\spring-boot-2.1.8.RELEASE.jar;C:\Users\Ahelioui\mavenRepo168\org\springframework\boot\spring-boot-autoconfigure\2.1.8.RELEASE\spring-boot-autoconfigure-2.1.8.RELEASE.jar;C:\Users\Ahelioui\mavenRepo168\org\springframework\boot\spring-boot-starter-logging\2.1.8.RELEASE\spring-boot-starter-logging-2.1.8.RELEASE.jar;C:\Users\Ahelioui\mavenRepo168\ch\qos\logback\logback-classic\1.2.3\logback-classic-1.2.3.jar;C:\Users\Ahelioui\mavenRepo168\ch\qos\logback\logback-core\1.2.3\logback-core-1.2.3.jar;C:\Users\Ahelioui\mavenRepo168\org\apache\logging\log4j\log4j-to-slf4j\2.11.2\log4j-to-slf4j-2.11.2.jar;C:\Users\Ahelioui\mavenRepo168\org\apache\logging\log4j\log4j-api\2.11.2\log4j-api-2.11.2.jar;C:\Users\Ahelioui\mavenRepo168\org\slf4j\jul-to-slf4j\1.7.28\jul-to-slf4j-1.7.28.jar;C:\Users\Ahelioui\mavenRepo168\javax\annotation\javax.annotation-api\1.3.2\javax.annotation-api-1.3.2.jar;C:\Users\Ahelioui\mavenRepo168\org\yaml\snakeyaml\1.23\snakeyaml-1.23.jar;C:\Users\Ahelioui\mavenRepo168\org\springframework\boot\spring-boot-actuator-autoconfigure\2.1.8.RELEASE\spring-boot-actuator-autoconfigure-2.1.8.RELEASE.jar;C:\Users\Ahelioui\mavenRepo168\org\springframework\boot\spring-boot-actuator\2.1.8.RELEASE\spring-boot-actuator-2.1.8.RELEASE.jar;C:\Users\Ahelioui\mavenRepo168\org\springframework\spring-context\5.1.9.RELEASE\spring-context-5.1.9.RELEASE.jar;C:\Users\Ahelioui\mavenRepo168\com\fasterxml\jackson\datatype\jackson-datatype-jsr310\2.9.9\jackson-datatype-jsr310-2.9.9.jar;C:\Users\Ahelioui\mavenRepo168\org\springframework\boot\spring-boot-starter-data-jpa\2.1.8.RELEASE\spring-boot-starter-data-jpa-2.1.8.RELEASE.jar;C:\Users\Ahelioui\mavenRepo168\org\springframework\boot\spring-boot-starter-aop\2.1.8.RELEASE\spring-boot-starter-aop-2.1.8.RELEASE.jar;C:\Users\Ahelioui\mavenRepo168\org\springframework\spring-aop\5.1.9.RELEASE\spring-aop-5.1.9.RELEASE.jar;C:\Users\Ahelioui\mavenRepo168\org\aspectj\aspectjweaver\1.9.4\aspectjweaver-1.9.4.jar;C:\Users\Ahelioui\mavenRepo168\org\springframework\boot\spring-boot-starter-jdbc\2.1.8.RELEASE\spring-boot-starter-jdbc-2.1.8.RELEASE.jar;C:\Users\Ahelioui\mavenRepo168\com\zaxxer\HikariCP\3.2.0\HikariCP-3.2.0.jar;C:\Users\Ahelioui\mavenRepo168\org\springframework\spring-jdbc\5.1.9.RELEASE\spring-jdbc-5.1.9.RELEASE.jar;C:\Users\Ahelioui\mavenRepo168\javax\transaction\javax.transaction-api\1.3\javax.transaction-api-1.3.jar;C:\Users\Ahelioui\mavenRepo168\javax\xml\bind\jaxb-api\2.3.1\jaxb-api-2.3.1.jar;C:\Users\Ahelioui\mavenRepo168\javax\activation\javax.activation-api\1.2.0\javax.activation-api-1.2.0.jar;C:\Users\Ahelioui\mavenRepo168\org\hibernate\hibernate-core\5.3.11.Final\hibernate-core-5.3.11.Final.jar;C:\Users\Ahelioui\mavenRepo168\org\jboss\logging\jboss-logging\3.3.3.Final\jboss-logging-3.3.3.Final.jar;C:\Users\Ahelioui\mavenRepo168\javax\persistence\javax.persistence-api\2.2\javax.persistence-api-2.2.jar;C:\Users\Ahelioui\mavenRepo168\org\javassist\javassist\3.23.2-GA\javassist-3.23.2-GA.jar;C:\Users\Ahelioui\mavenRepo168\net\bytebuddy\byte-buddy\1.9.16\byte-buddy-1.9.16.jar;C:\Users\Ahelioui\mavenRepo168\antlr\antlr\2.7.7\antlr-2.7.7.jar;C:\Users\Ahelioui\mavenRepo168\org\jboss\jandex\2.0.5.Final\jandex-2.0.5.Final.jar;C:\Users\Ahelioui\mavenRepo168\com\fasterxml\classmate\1.4.0\classmate-1.4.0.jar;C:\Users\Ahelioui\mavenRepo168\org\dom4j\dom4j\2.1.1\dom4j-2.1.1.jar;C:\Users\Ahelioui\mavenRepo168\org\hibernate\common\hibernate-commons-annotations\5.0.4.Final\hibernate-commons-annotations-5.0.4.Final.jar;C:\Users\Ahelioui\mavenRepo168\org\springframework\data\spring-data-jpa\2.1.10.RELEASE\spring-data-jpa-2.1.10.RELEASE.jar;C:\Users\Ahelioui\mavenRepo168\org\springframework\data\spring-data-commons\2.1.10.RELEASE\spring-data-commons-2.1.10.RELEASE.jar;C:\Users\Ahelioui\mavenRepo168\org\springframework\spring-orm\5.1.9.RELEASE\spring-orm-5.1.9.RELEASE.jar;C:\Users\Ahelioui\mavenRepo168\org\springframework\spring-tx\5.1.9.RELEASE\spring-tx-5.1.9.RELEASE.jar;C:\Users\Ahelioui\mavenRepo168\org\springframework\spring-beans\5.1.9.RELEASE\spring-beans-5.1.9.RELEASE.jar;C:\Users\Ahelioui\mavenRepo168\org\slf4j\slf4j-api\1.7.28\slf4j-api-1.7.28.jar;C:\Users\Ahelioui\mavenRepo168\org\springframework\spring-aspects\5.1.9.RELEASE\spring-aspects-5.1.9.RELEASE.jar;C:\Users\Ahelioui\mavenRepo168\org\springframework\boot\spring-boot-starter-data-rest\2.1.8.RELEASE\spring-boot-starter-data-rest-2.1.8.RELEASE.jar;C:\Users\Ahelioui\mavenRepo168\org\springframework\data\spring-data-rest-webmvc\3.1.10.RELEASE\spring-data-rest-webmvc-3.1.10.RELEASE.jar;C:\Users\Ahelioui\mavenRepo168\org\springframework\data\spring-data-rest-core\3.1.10.RELEASE\spring-data-rest-core-3.1.10.RELEASE.jar;C:\Users\Ahelioui\mavenRepo168\org\springframework\hateoas\spring-hateoas\0.25.2.RELEASE\spring-hateoas-0.25.2.RELEASE.jar;C:\Users\Ahelioui\mavenRepo168\org\springframework\plugin\spring-plugin-core\1.2.0.RELEASE\spring-plugin-core-1.2.0.RELEASE.jar;C:\Users\Ahelioui\mavenRepo168\org\atteo\evo-inflector\1.2.2\evo-inflector-1.2.2.jar;C:\Users\Ahelioui\mavenRepo168\com\fasterxml\jackson\core\jackson-annotations\2.9.0\jackson-annotations-2.9.0.jar;C:\Users\Ahelioui\mavenRepo168\org\springframework\boot\spring-boot-starter-web\2.1.8.RELEASE\spring-boot-starter-web-2.1.8.RELEASE.jar;C:\Users\Ahelioui\mavenRepo168\org\springframework\boot\spring-boot-starter-json\2.1.8.RELEASE\spring-boot-starter-json-2.1.8.RELEASE.jar;C:\Users\Ahelioui\mavenRepo168\com\fasterxml\jackson\datatype\jackson-datatype-jdk8\2.9.9\jackson-datatype-jdk8-2.9.9.jar;C:\Users\Ahelioui\mavenRepo168\com\fasterxml\jackson\module\jackson-module-parameter-names\2.9.9\jackson-module-parameter-names-2.9.9.jar;C:\Users\Ahelioui\mavenRepo168\org\springframework\boot\spring-boot-starter-tomcat\2.1.8.RELEASE\spring-boot-starter-tomcat-2.1.8.RELEASE.jar;C:\Users\Ahelioui\mavenRepo168\org\apache\tomcat\embed\tomcat-embed-core\9.0.24\tomcat-embed-core-9.0.24.jar;C:\Users\Ahelioui\mavenRepo168\org\apache\tomcat\embed\tomcat-embed-el\9.0.24\tomcat-embed-el-9.0.24.jar;C:\Users\Ahelioui\mavenRepo168\org\apache\tomcat\embed\tomcat-embed-websocket\9.0.24\tomcat-embed-websocket-9.0.24.jar;C:\Users\Ahelioui\mavenRepo168\org\hibernate\validator\hibernate-validator\6.0.17.Final\hibernate-validator-6.0.17.Final.jar;C:\Users\Ahelioui\mavenRepo168\javax\validation\validation-api\2.0.1.Final\validation-api-2.0.1.Final.jar;C:\Users\Ahelioui\mavenRepo168\org\springframework\spring-web\5.1.9.RELEASE\spring-web-5.1.9.RELEASE.jar;C:\Users\Ahelioui\mavenRepo168\org\springframework\spring-webmvc\5.1.9.RELEASE\spring-webmvc-5.1.9.RELEASE.jar;C:\Users\Ahelioui\mavenRepo168\org\springframework\spring-expression\5.1.9.RELEASE\spring-expression-5.1.9.RELEASE.jar;C:\Users\Ahelioui\mavenRepo168\org\springframework\cloud\spring-cloud-starter-config\2.1.4.RELEASE\spring-cloud-starter-config-2.1.4.RELEASE.jar;C:\Users\Ahelioui\mavenRepo168\org\springframework\cloud\spring-cloud-starter\2.1.3.RELEASE\spring-cloud-starter-2.1.3.RELEASE.jar;C:\Users\Ahelioui\mavenRepo168\org\springframework\cloud\spring-cloud-context\2.1.3.RELEASE\spring-cloud-context-2.1.3.RELEASE.jar;C:\Users\Ahelioui\mavenRepo168\org\springframework\security\spring-security-crypto\5.1.6.RELEASE\spring-security-crypto-5.1.6.RELEASE.jar;C:\Users\Ahelioui\mavenRepo168\org\springframework\cloud\spring-cloud-commons\2.1.3.RELEASE\spring-cloud-commons-2.1.3.RELEASE.jar;C:\Users\Ahelioui\mavenRepo168\org\springframework\security\spring-security-rsa\1.0.7.RELEASE\spring-security-rsa-1.0.7.RELEASE.jar;C:\Users\Ahelioui\mavenRepo168\org\bouncycastle\bcpkix-jdk15on\1.60\bcpkix-jdk15on-1.60.jar;C:\Users\Ahelioui\mavenRepo168\org\bouncycastle\bcprov-jdk15on\1.60\bcprov-jdk15on-1.60.jar;C:\Users\Ahelioui\mavenRepo168\org\springframework\cloud\spring-cloud-config-client\2.1.4.RELEASE\spring-cloud-config-client-2.1.4.RELEASE.jar;C:\Users\Ahelioui\mavenRepo168\com\fasterxml\jackson\core\jackson-databind\2.9.9.3\jackson-databind-2.9.9.3.jar;C:\Users\Ahelioui\mavenRepo168\com\fasterxml\jackson\core\jackson-core\2.9.9\jackson-core-2.9.9.jar;C:\Users\Ahelioui\mavenRepo168\org\springframework\cloud\spring-cloud-starter-netflix-eureka-client\2.1.3.RELEASE\spring-cloud-starter-netflix-eureka-client-2.1.3.RELEASE.jar;C:\Users\Ahelioui\mavenRepo168\org\springframework\cloud\spring-cloud-netflix-hystrix\2.1.3.RELEASE\spring-cloud-netflix-hystrix-2.1.3.RELEASE.jar;C:\Users\Ahelioui\mavenRepo168\org\springframework\cloud\spring-cloud-netflix-eureka-client\2.1.3.RELEASE\spring-cloud-netflix-eureka-client-2.1.3.RELEASE.jar;C:\Users\Ahelioui\mavenRepo168\com\netflix\eureka\eureka-client\1.9.13\eureka-client-1.9.13.jar;C:\Users\Ahelioui\mavenRepo168\org\codehaus\jettison\jettison\1.3.7\jettison-1.3.7.jar;C:\Users\Ahelioui\mavenRepo168\stax\stax-api\1.0.1\stax-api-1.0.1.jar;C:\Users\Ahelioui\mavenRepo168\com\netflix\netflix-commons\netflix-eventbus\0.3.0\netflix-eventbus-0.3.0.jar;C:\Users\Ahelioui\mavenRepo168\com\netflix\netflix-commons\netflix-infix\0.3.0\netflix-infix-0.3.0.jar;C:\Users\Ahelioui\mavenRepo168\commons-jxpath\commons-jxpath\1.3\commons-jxpath-1.3.jar;C:\Users\Ahelioui\mavenRepo168\joda-time\joda-time\2.10.3\joda-time-2.10.3.jar;C:\Users\Ahelioui\mavenRepo168\org\antlr\antlr-runtime\3.4\antlr-runtime-3.4.jar;C:\Users\Ahelioui\mavenRepo168\org\antlr\stringtemplate\3.2.1\stringtemplate-3.2.1.jar;C:\Users\Ahelioui\mavenRepo168\com\google\code\gson\gson\2.8.5\gson-2.8.5.jar;C:\Users\Ahelioui\mavenRepo168\org\apache\commons\commons-math\2.2\commons-math-2.2.jar;C:\Users\Ahelioui\mavenRepo168\com\netflix\archaius\archaius-core\0.7.6\archaius-core-0.7.6.jar;C:\Users\Ahelioui\mavenRepo168\com\google\guava\guava\16.0\guava-16.0.jar;C:\Users\Ahelioui\mavenRepo168\javax\ws\rs\jsr311-api\1.1.1\jsr311-api-1.1.1.jar;C:\Users\Ahelioui\mavenRepo168\com\netflix\servo\servo-core\0.12.21\servo-core-0.12.21.jar;C:\Users\Ahelioui\mavenRepo168\com\sun\jersey\jersey-core\1.19.1\jersey-core-1.19.1.jar;C:\Users\Ahelioui\mavenRepo168\com\sun\jersey\jersey-client\1.19.1\jersey-client-1.19.1.jar;C:\Users\Ahelioui\mavenRepo168\com\sun\jersey\contribs\jersey-apache-client4\1.19.1\jersey-apache-client4-1.19.1.jar;C:\Users\Ahelioui\mavenRepo168\org\apache\httpcomponents\httpclient\4.5.9\httpclient-4.5.9.jar;C:\Users\Ahelioui\mavenRepo168\org\apache\httpcomponents\httpcore\4.4.12\httpcore-4.4.12.jar;C:\Users\Ahelioui\mavenRepo168\commons-codec\commons-codec\1.11\commons-codec-1.11.jar;C:\Users\Ahelioui\mavenRepo168\com\google\inject\guice\4.1.0\guice-4.1.0.jar;C:\Users\Ahelioui\mavenRepo168\javax\inject\javax.inject\1\javax.inject-1.jar;C:\Users\Ahelioui\mavenRepo168\aopalliance\aopalliance\1.0\aopalliance-1.0.jar;C:\Users\Ahelioui\mavenRepo168\com\netflix\eureka\eureka-core\1.9.13\eureka-core-1.9.13.jar;C:\Users\Ahelioui\mavenRepo168\com\fasterxml\woodstox\woodstox-core\5.0.3\woodstox-core-5.0.3.jar;C:\Users\Ahelioui\mavenRepo168\org\codehaus\woodstox\stax2-api\3.1.4\stax2-api-3.1.4.jar;C:\Users\Ahelioui\mavenRepo168\org\springframework\cloud\spring-cloud-starter-netflix-archaius\2.1.3.RELEASE\spring-cloud-starter-netflix-archaius-2.1.3.RELEASE.jar;C:\Users\Ahelioui\mavenRepo168\org\springframework\cloud\spring-cloud-netflix-ribbon\2.1.3.RELEASE\spring-cloud-netflix-ribbon-2.1.3.RELEASE.jar;C:\Users\Ahelioui\mavenRepo168\org\springframework\cloud\spring-cloud-netflix-archaius\2.1.3.RELEASE\spring-cloud-netflix-archaius-2.1.3.RELEASE.jar;C:\Users\Ahelioui\mavenRepo168\commons-configuration\commons-configuration\1.8\commons-configuration-1.8.jar;C:\Users\Ahelioui\mavenRepo168\commons-lang\commons-lang\2.6\commons-lang-2.6.jar;C:\Users\Ahelioui\mavenRepo168\org\springframework\cloud\spring-cloud-starter-netflix-ribbon\2.1.3.RELEASE\spring-cloud-starter-netflix-ribbon-2.1.3.RELEASE.jar;C:\Users\Ahelioui\mavenRepo168\com\netflix\ribbon\ribbon\2.3.0\ribbon-2.3.0.jar;C:\Users\Ahelioui\mavenRepo168\com\netflix\ribbon\ribbon-transport\2.3.0\ribbon-transport-2.3.0.jar;C:\Users\Ahelioui\mavenRepo168\io\reactivex\rxnetty-contexts\0.4.9\rxnetty-contexts-0.4.9.jar;C:\Users\Ahelioui\mavenRepo168\io\reactivex\rxnetty-servo\0.4.9\rxnetty-servo-0.4.9.jar;C:\Users\Ahelioui\mavenRepo168\com\netflix\hystrix\hystrix-core\1.5.18\hystrix-core-1.5.18.jar;C:\Users\Ahelioui\mavenRepo168\io\reactivex\rxnetty\0.4.9\rxnetty-0.4.9.jar;C:\Users\Ahelioui\mavenRepo168\com\netflix\ribbon\ribbon-core\2.3.0\ribbon-core-2.3.0.jar;C:\Users\Ahelioui\mavenRepo168\com\netflix\ribbon\ribbon-httpclient\2.3.0\ribbon-httpclient-2.3.0.jar;C:\Users\Ahelioui\mavenRepo168\commons-collections\commons-collections\3.2.2\commons-collections-3.2.2.jar;C:\Users\Ahelioui\mavenRepo168\com\netflix\netflix-commons\netflix-commons-util\0.3.0\netflix-commons-util-0.3.0.jar;C:\Users\Ahelioui\mavenRepo168\com\netflix\ribbon\ribbon-loadbalancer\2.3.0\ribbon-loadbalancer-2.3.0.jar;C:\Users\Ahelioui\mavenRepo168\com\netflix\netflix-commons\netflix-statistics\0.1.1\netflix-statistics-0.1.1.jar;C:\Users\Ahelioui\mavenRepo168\io\reactivex\rxjava\1.3.8\rxjava-1.3.8.jar;C:\Users\Ahelioui\mavenRepo168\com\netflix\ribbon\ribbon-eureka\2.3.0\ribbon-eureka-2.3.0.jar;C:\Users\Ahelioui\mavenRepo168\com\thoughtworks\xstream\xstream\1.4.11.1\xstream-1.4.11.1.jar;C:\Users\Ahelioui\mavenRepo168\xmlpull\xmlpull\1.1.3.1\xmlpull-1.1.3.1.jar;C:\Users\Ahelioui\mavenRepo168\xpp3\xpp3_min\1.1.4c\xpp3_min-1.1.4c.jar;C:\Users\Ahelioui\mavenRepo168\com\h2database\h2\1.4.199\h2-1.4.199.jar;C:\Users\Ahelioui\mavenRepo168\org\springframework\boot\spring-boot-starter-test\2.1.8.RELEASE\spring-boot-starter-test-2.1.8.RELEASE.jar;C:\Users\Ahelioui\mavenRepo168\org\springframework\boot\spring-boot-test\2.1.8.RELEASE\spring-boot-test-2.1.8.RELEASE.jar;C:\Users\Ahelioui\mavenRepo168\org\springframework\boot\spring-boot-test-autoconfigure\2.1.8.RELEASE\spring-boot-test-autoconfigure-2.1.8.RELEASE.jar;C:\Users\Ahelioui\mavenRepo168\com\jayway\jsonpath\json-path\2.4.0\json-path-2.4.0.jar;C:\Users\Ahelioui\mavenRepo168\net\minidev\json-smart\2.3\json-smart-2.3.jar;C:\Users\Ahelioui\mavenRepo168\net\minidev\accessors-smart\1.2\accessors-smart-1.2.jar;C:\Users\Ahelioui\mavenRepo168\org\ow2\asm\asm\5.0.4\asm-5.0.4.jar;C:\Users\Ahelioui\mavenRepo168\junit\junit\4.12\junit-4.12.jar;C:\Users\Ahelioui\mavenRepo168\org\assertj\assertj-core\3.11.1\assertj-core-3.11.1.jar;C:\Users\Ahelioui\mavenRepo168\org\mockito\mockito-core\2.23.4\mockito-core-2.23.4.jar;C:\Users\Ahelioui\mavenRepo168\net\bytebuddy\byte-buddy-agent\1.9.16\byte-buddy-agent-1.9.16.jar;C:\Users\Ahelioui\mavenRepo168\org\objenesis\objenesis\2.6\objenesis-2.6.jar;C:\Users\Ahelioui\mavenRepo168\org\hamcrest\hamcrest-core\1.3\hamcrest-core-1.3.jar;C:\Users\Ahelioui\mavenRepo168\org\hamcrest\hamcrest-library\1.3\hamcrest-library-1.3.jar;C:\Users\Ahelioui\mavenRepo168\org\skyscreamer\jsonassert\1.5.0\jsonassert-1.5.0.jar;C:\Users\Ahelioui\mavenRepo168\com\vaadin\external\google\android-json\0.0.20131108.vaadin1\android-json-0.0.20131108.vaadin1.jar;C:\Users\Ahelioui\mavenRepo168\org\springframework\spring-core\5.1.9.RELEASE\spring-core-5.1.9.RELEASE.jar;C:\Users\Ahelioui\mavenRepo168\org\springframework\spring-jcl\5.1.9.RELEASE\spring-jcl-5.1.9.RELEASE.jar;C:\Users\Ahelioui\mavenRepo168\org\springframework\spring-test\5.1.9.RELEASE\spring-test-5.1.9.RELEASE.jar;C:\Users\Ahelioui\mavenRepo168\org\xmlunit\xmlunit-core\2.6.3\xmlunit-core-2.6.3.jar;C:\Users\Ahelioui\mavenRepo168\mysql\mysql-connector-java\8.0.30\mysql-connector-java-8.0.30.jar;"/>
    <property name="sun.cpu.endian" value="little"/>
    <property name="user.home" value="C:\Users\Ahelioui"/>
    <property name="user.language" value="en"/>
    <property name="java.specification.vendor" value="Oracle Corporation"/>
    <property name="java.version.date" value="2021-10-19"/>
    <property name="java.home" value="C:\Users\Ahelioui\.p2\pool\plugins\org.eclipse.justj.openjdk.hotspot.jre.full.win32.x86_64_17.0.1.v20211116-1657\jre"/>
    <property name="file.separator" value="\"/>
    <property name="style.color" value="always"/>
    <property name="basedir" value="C:\Workspace2\Endroit"/>
    <property name="java.vm.compressedOopsMode" value="Zero based"/>
    <property name="line.separator" value="&#10;"/>
    <property name="java.vm.specification.vendor" value="Oracle Corporation"/>
    <property name="java.specification.name" value="Java Platform API Specification"/>
    <property name="surefire.real.class.path" value="C:\Users\Ahelioui\AppData\Local\Temp\surefire779130813807972643\surefirebooter5449578451582145832.jar"/>
    <property name="user.script" value=""/>
    <property name="sun.management.compiler" value="HotSpot 64-Bit Tiered Compilers"/>
    <property name="java.runtime.version" value="17.0.1+12"/>
    <property name="user.name" value="ahelioui"/>
    <property name="path.separator" value=";"/>
    <property name="os.version" value="10.0"/>
    <property name="java.runtime.name" value="OpenJDK Runtime Environment"/>
    <property name="file.encoding" value="Cp1252"/>
    <property name="java.vm.name" value="OpenJDK 64-Bit Server VM"/>
    <property name="java.vendor.version" value="Temurin-17.0.1+12"/>
    <property name="localRepository" value="C:\Users\Ahelioui\mavenRepo168"/>
    <property name="java.vendor.url.bug" value="https://github.com/adoptium/adoptium-support/issues"/>
    <property name="java.io.tmpdir" value="C:\Users\Ahelioui\AppData\Local\Temp\"/>
    <property name="java.version" value="17.0.1"/>
    <property name="user.dir" value="C:\Workspace2\Endroit"/>
    <property name="os.arch" value="amd64"/>
    <property name="java.vm.specification.name" value="Java Virtual Machine Specification"/>
    <property name="sun.os.patch.level" value=""/>
    <property name="native.encoding" value="Cp1252"/>
    <property name="java.library.path" value="C:\Users\Ahelioui\.p2\pool\plugins\org.eclipse.justj.openjdk.hotspot.jre.full.win32.x86_64_17.0.1.v20211116-1657\jre\bin;C:\WINDOWS\Sun\Java\bin;C:\WINDOWS\system32;C:\WINDOWS;C:/Workspace/sts-4.18.1.RELEASE//plugins/org.eclipse.justj.openjdk.hotspot.jre.full.win32.x86_64_17.0.7.v20230425-1502/jre/bin/server;C:/Workspace/sts-4.18.1.RELEASE//plugins/org.eclipse.justj.openjdk.hotspot.jre.full.win32.x86_64_17.0.7.v20230425-1502/jre/bin;C:\Program Files (x86)\VMware\VMware Workstation\bin\;C:\Program Files (x86)\Common Files\Oracle\Java\javapath;C:\WINDOWS\system32;C:\WINDOWS;C:\WINDOWS\System32\Wbem;C:\WINDOWS\System32\WindowsPowerShell\v1.0\;C:\WINDOWS\System32\OpenSSH\;C:\Program Files (x86)\Sennheiser\SoftphoneSDK\;C:\Program Files\Git\cmd;C:\Program Files\PuTTY\;C:\Program Files\SlikSvn\bin;C:\Program Files\TortoiseSVN\bin;C:\apache-maven-3.5.0\bin;C:\Program Files\Java\jdk1.8.0_181\bin;;C:\Program Files\Docker\Docker\resources\bin;C:\ProgramData\DockerDesktop\version-bin;C:\Users\Ahelioui\Anaconda3;C:\Users\Ahelioui\Anaconda3\Library\mingw-w64\bin;C:\Users\Ahelioui\Anaconda3\Library\usr\bin;C:\Users\Ahelioui\Anaconda3\Library\bin;C:\Users\Ahelioui\Anaconda3\Scripts;C:\Users\Ahelioui\AppData\Local\Microsoft\WindowsApps;C:\Program Files\Java\jdk1.8.0_181\bin;C:\apache-maven-3.5.0\bin;;C:\Workspace\sts-4.18.1.RELEASE;;."/>
    <property name="java.vm.info" value="mixed mode"/>
    <property name="java.vendor" value="Eclipse Adoptium"/>
    <property name="java.vm.version" value="17.0.1+12"/>
    <property name="sun.io.unicode.encoding" value="UnicodeLittle"/>
    <property name="java.class.version" value="61.0"/>
  </properties>
  <testcase name="contextLoads" classname="com.esprit.microservice.EndroitService.EndroitApplicationTests" time="0.257"/>
</testsuite>